[02:12:24] [main/INFO] (FabricLoader/GameProvider) Loading Minecraft 1.20.1 with Fabric Loader 0.14.21
[02:12:24] [main/DEBUG] (FabricLoader/GamePatch) Found game constructor: net.minecraft.server.Main -> net/minecraft/server/Main
[02:12:24] [main/DEBUG] (FabricLoader/GamePatch) Patching game constructor main([Ljava/lang/String;)V
[02:12:24] [main/DEBUG] (FabricLoader/GamePatch) 20w22a+ detected, patching main method...
[02:12:24] [main/DEBUG] (FabricLoader/GamePatch) Detected version above 20w22a
[02:12:24] [main/DEBUG] (FabricLoader/GamePatch) Applying brand name hook to net/minecraft/client/ClientBrandRetriever::getClientModName
[02:12:24] [main/DEBUG] (FabricLoader/GamePatch) Applying brand name hook to net/minecraft/server/MinecraftServer::getServerModName
[02:12:24] [main/DEBUG] (FabricLoader/GamePatch) Patched 3 classs
[02:12:24] [main/DEBUG] (FabricLoader/Discovery) Mod discovery time: 9.6 ms
[02:12:24] [main/DEBUG] (FabricLoader/Resolution) Mod resolution time: 34.5 ms
[02:12:24] [main/INFO] (FabricLoader) Loading 3 mods:
	- fabricloader 0.14.21
	- java 17
	- minecraft 1.20.1
[02:12:24] [main/INFO] (FabricLoader/Mixin) SpongePowered MIXIN Subsystem Version=0.8.5 Source=file:/C:/Users/shiroha/scoop/apps/gradle/current/.gradle/caches/modules-2/files-2.1/net.fabricmc/sponge-mixin/0.12.5+mixin.0.8.5/8d31fb97c3e0cd7c8dad3441851c523bcfae6d8e/sponge-mixin-0.12.5+mixin.0.8.5.jar Service=Knot/Fabric Env=SERVER
[02:12:24] [main/DEBUG] (FabricLoader/Mixin) Error cleaning class output directory: .mixin.out
[02:12:24] [main/DEBUG] (FabricLoader/Mixin) Initialising Mixin Platform Manager
[02:12:24] [main/DEBUG] (FabricLoader/Mixin) Adding mixin platform agents for container ContainerHandleURI(file:///C:/Users/shiroha/scoop/apps/gradle/current/.gradle/caches/modules-2/files-2.1/net.fabricmc/fabric-loader/0.14.21/960c8a415d93c128bfb630abbc3c7c9e1ba48637/fabric-loader-0.14.21.jar)
[02:12:24] [main/DEBUG] (FabricLoader/Mixin) Instancing new MixinPlatformAgentDefault for ContainerHandleURI(file:///C:/Users/shiroha/scoop/apps/gradle/current/.gradle/caches/modules-2/files-2.1/net.fabricmc/fabric-loader/0.14.21/960c8a415d93c128bfb630abbc3c7c9e1ba48637/fabric-loader-0.14.21.jar)
[02:12:24] [main/DEBUG] (FabricLoader/Mixin) MixinPlatformAgentDefault accepted container ContainerHandleURI(file:///C:/Users/shiroha/scoop/apps/gradle/current/.gradle/caches/modules-2/files-2.1/net.fabricmc/fabric-loader/0.14.21/960c8a415d93c128bfb630abbc3c7c9e1ba48637/fabric-loader-0.14.21.jar)
[02:12:24] [main/DEBUG] (FabricLoader/Mixin) Instancing new MixinPlatformAgentDefault for ContainerHandleURI(file:///C:/Users/shiroha/scoop/apps/gradle/current/.gradle/caches/modules-2/files-2.1/net.fabricmc/fabric-loader/0.14.21/960c8a415d93c128bfb630abbc3c7c9e1ba48637/fabric-loader-0.14.21.jar)
[02:12:24] [main/DEBUG] (FabricLoader/Mixin) MixinPlatformAgentDefault accepted container ContainerHandleURI(file:///C:/Users/shiroha/scoop/apps/gradle/current/.gradle/caches/modules-2/files-2.1/net.fabricmc/fabric-loader/0.14.21/960c8a415d93c128bfb630abbc3c7c9e1ba48637/fabric-loader-0.14.21.jar)
[02:12:24] [main/DEBUG] (FabricLoader/Mixin) Processing prepare() for PlatformAgent[MixinPlatformAgentDefault:ContainerHandleURI(file:///C:/Users/shiroha/scoop/apps/gradle/current/.gradle/caches/modules-2/files-2.1/net.fabricmc/fabric-loader/0.14.21/960c8a415d93c128bfb630abbc3c7c9e1ba48637/fabric-loader-0.14.21.jar)]
[02:12:24] [main/DEBUG] (FabricLoader/Mixin) Processing prepare() for PlatformAgent[MixinPlatformAgentDefault:ContainerHandleURI(file:///C:/Users/shiroha/scoop/apps/gradle/current/.gradle/caches/modules-2/files-2.1/net.fabricmc/fabric-loader/0.14.21/960c8a415d93c128bfb630abbc3c7c9e1ba48637/fabric-loader-0.14.21.jar)]
[02:12:24] [main/DEBUG] (FabricLoader/Mappings) Loading mappings took 59 ms
[02:12:24] [main/INFO] (FabricLoader/Mixin) Loaded Fabric development mappings for mixin remapper!
[02:12:24] [main/DEBUG] (FabricLoader/Knot) Adding E:\mod\RoadWeaver\.gradle\loom-cache\minecraftMaven\net\minecraft\minecraft-merged-3760f957dc\1.20.1-loom.mappings.1_20_1.layered+hash.40359-v2\minecraft-merged-3760f957dc-1.20.1-loom.mappings.1_20_1.layered+hash.40359-v2.jar to classpath.
[02:12:24] [main/DEBUG] (FabricLoader/Knot) Adding E:\mod\RoadWeaver\common\build\classes\java\main to classpath.
[02:12:24] [main/DEBUG] (FabricLoader/Knot) Adding E:\mod\RoadWeaver\common\build\resources\main to classpath.
[02:12:24] [main/DEBUG] (FabricLoader/Knot) Adding C:\Users\shiroha\scoop\persist\gradle\.gradle\caches\fabric-loom\1.20.1\loom.mappings.1_20_1.layered+hash.40359-v2\mappings.jar to classpath.
[02:12:24] [main/DEBUG] (FabricLoader/Knot) Adding C:\Users\shiroha\scoop\persist\gradle\.gradle\caches\modules-2\files-2.1\net.fabricmc\dev-launch-injector\0.2.1+build.8\da8bef7e6e2f952da707f282bdb46882a0fce5e3\dev-launch-injector-0.2.1+build.8.jar to classpath.
[02:12:24] [main/DEBUG] (FabricLoader/Knot) Adding C:\Users\shiroha\scoop\persist\gradle\.gradle\caches\modules-2\files-2.1\com.github.oshi\oshi-core\6.2.2\54f5efc19bca95d709d9a37d19ffcbba3d21c1a6\oshi-core-6.2.2.jar to classpath.
[02:12:24] [main/DEBUG] (FabricLoader/Knot) Adding C:\Users\shiroha\scoop\persist\gradle\.gradle\caches\modules-2\files-2.1\com.google.guava\failureaccess\1.0.1\1dcf1de382a0bf95a3d8b0849546c88bac1292c9\failureaccess-1.0.1.jar to classpath.
[02:12:24] [main/DEBUG] (FabricLoader/Knot) Adding C:\Users\shiroha\scoop\persist\gradle\.gradle\caches\modules-2\files-2.1\com.google.guava\guava\31.1-jre\60458f877d055d0c9114d9e1a2efb737b4bc282c\guava-31.1-jre.jar to classpath.
[02:12:24] [main/DEBUG] (FabricLoader/Knot) Adding C:\Users\shiroha\scoop\persist\gradle\.gradle\caches\modules-2\files-2.1\com.mojang\brigadier\1.1.8\5244ce82c3337bba4a196a3ce858bfaecc74404a\brigadier-1.1.8.jar to classpath.
[02:12:24] [main/DEBUG] (FabricLoader/Knot) Adding C:\Users\shiroha\scoop\persist\gradle\.gradle\caches\modules-2\files-2.1\com.mojang\datafixerupper\6.0.8\3ba4a30557a9b057760af4011f909ba619fc5125\datafixerupper-6.0.8.jar to classpath.
[02:12:24] [main/DEBUG] (FabricLoader/Knot) Adding C:\Users\shiroha\scoop\persist\gradle\.gradle\caches\modules-2\files-2.1\commons-io\commons-io\2.11.0\a2503f302b11ebde7ebc3df41daebe0e4eea3689\commons-io-2.11.0.jar to classpath.
[02:12:24] [main/DEBUG] (FabricLoader/Knot) Adding C:\Users\shiroha\scoop\persist\gradle\.gradle\caches\modules-2\files-2.1\io.netty\netty-buffer\4.1.82.Final\a544270cf1ae8b8077082f5036436a9a9971ea71\netty-buffer-4.1.82.Final.jar to classpath.
[02:12:24] [main/DEBUG] (FabricLoader/Knot) Adding C:\Users\shiroha\scoop\persist\gradle\.gradle\caches\modules-2\files-2.1\io.netty\netty-codec\4.1.82.Final\b77200379acb345a9ffdece1c605e591ac3e4e0a\netty-codec-4.1.82.Final.jar to classpath.
[02:12:24] [main/DEBUG] (FabricLoader/Knot) Adding C:\Users\shiroha\scoop\persist\gradle\.gradle\caches\modules-2\files-2.1\io.netty\netty-common\4.1.82.Final\22d148e85c3f5ebdacc0ce1f5aabb1d420f73f3\netty-common-4.1.82.Final.jar to classpath.
[02:12:24] [main/DEBUG] (FabricLoader/Knot) Adding C:\Users\shiroha\scoop\persist\gradle\.gradle\caches\modules-2\files-2.1\io.netty\netty-handler\4.1.82.Final\644041d1fa96a5d3130a29e8978630d716d76e38\netty-handler-4.1.82.Final.jar to classpath.
[02:12:24] [main/DEBUG] (FabricLoader/Knot) Adding C:\Users\shiroha\scoop\persist\gradle\.gradle\caches\modules-2\files-2.1\io.netty\netty-resolver\4.1.82.Final\38f665ae8dcd29032eea31245ba7806bed2e0fa8\netty-resolver-4.1.82.Final.jar to classpath.
[02:12:24] [main/DEBUG] (FabricLoader/Knot) Adding C:\Users\shiroha\scoop\persist\gradle\.gradle\caches\modules-2\files-2.1\io.netty\netty-transport-classes-epoll\4.1.82.Final\e7c7dd18deac93105797f30057c912651ea76521\netty-transport-classes-epoll-4.1.82.Final.jar to classpath.
[02:12:24] [main/DEBUG] (FabricLoader/Knot) Adding C:\Users\shiroha\scoop\persist\gradle\.gradle\caches\modules-2\files-2.1\io.netty\netty-transport-native-unix-common\4.1.82.Final\3e895b35ca1b8a0eca56cacff4c2dde5d2c6abce\netty-transport-native-unix-common-4.1.82.Final.jar to classpath.
[02:12:24] [main/DEBUG] (FabricLoader/Knot) Adding C:\Users\shiroha\scoop\persist\gradle\.gradle\caches\modules-2\files-2.1\io.netty\netty-transport\4.1.82.Final\e431a218d91acb6476ccad5f5aafde50aa3945ca\netty-transport-4.1.82.Final.jar to classpath.
[02:12:24] [main/DEBUG] (FabricLoader/Knot) Adding C:\Users\shiroha\scoop\persist\gradle\.gradle\caches\modules-2\files-2.1\it.unimi.dsi\fastutil\8.5.9\bb7ea75ecdb216654237830b3a96d87ad91f8cc5\fastutil-8.5.9.jar to classpath.
[02:12:24] [main/DEBUG] (FabricLoader/Knot) Adding C:\Users\shiroha\scoop\persist\gradle\.gradle\caches\modules-2\files-2.1\net.java.dev.jna\jna-platform\5.12.1\97406a297c852f4a41e688a176ec675f72e8329\jna-platform-5.12.1.jar to classpath.
[02:12:24] [main/DEBUG] (FabricLoader/Knot) Adding C:\Users\shiroha\scoop\persist\gradle\.gradle\caches\modules-2\files-2.1\net.java.dev.jna\jna\5.12.1\b1e93a735caea94f503e95e6fe79bf9cdc1e985d\jna-5.12.1.jar to classpath.
[02:12:24] [main/DEBUG] (FabricLoader/Knot) Adding C:\Users\shiroha\scoop\persist\gradle\.gradle\caches\modules-2\files-2.1\net.sf.jopt-simple\jopt-simple\5.0.4\4fdac2fbe92dfad86aa6e9301736f6b4342a3f5c\jopt-simple-5.0.4.jar to classpath.
[02:12:24] [main/DEBUG] (FabricLoader/Knot) Adding C:\Users\shiroha\scoop\persist\gradle\.gradle\caches\modules-2\files-2.1\org.apache.commons\commons-lang3\3.12.0\c6842c86792ff03b9f1d1fe2aab8dc23aa6c6f0e\commons-lang3-3.12.0.jar to classpath.
[02:12:24] [main/DEBUG] (FabricLoader/Knot) Adding C:\Users\shiroha\scoop\persist\gradle\.gradle\caches\modules-2\files-2.1\org.joml\joml\1.10.5\22566d58af70ad3d72308bab63b8339906deb649\joml-1.10.5.jar to classpath.
[02:12:24] [main/DEBUG] (FabricLoader/Knot) Adding C:\Users\shiroha\scoop\persist\gradle\.gradle\caches\modules-2\files-2.1\org.lwjgl\lwjgl-glfw\3.3.1\ed892f945cf7e79c8756796f32d00fa4ceaf573b\lwjgl-glfw-3.3.1-natives-windows.jar to classpath.
[02:12:24] [main/DEBUG] (FabricLoader/Knot) Adding C:\Users\shiroha\scoop\persist\gradle\.gradle\caches\modules-2\files-2.1\org.lwjgl\lwjgl-glfw\3.3.1\beda65ee503443e60aa196d58ed31f8d001dc22a\lwjgl-glfw-3.3.1-natives-windows-arm64.jar to classpath.
[02:12:24] [main/DEBUG] (FabricLoader/Knot) Adding C:\Users\shiroha\scoop\persist\gradle\.gradle\caches\modules-2\files-2.1\org.lwjgl\lwjgl-glfw\3.3.1\b997e3391d6ce8f05487e7335d95c606043884a1\lwjgl-glfw-3.3.1-natives-windows-x86.jar to classpath.
[02:12:24] [main/DEBUG] (FabricLoader/Knot) Adding C:\Users\shiroha\scoop\persist\gradle\.gradle\caches\modules-2\files-2.1\org.lwjgl\lwjgl-jemalloc\3.3.1\948a89b76a16aa324b046ae9308891216ffce5f9\lwjgl-jemalloc-3.3.1-natives-windows.jar to classpath.
[02:12:24] [main/DEBUG] (FabricLoader/Knot) Adding C:\Users\shiroha\scoop\persist\gradle\.gradle\caches\modules-2\files-2.1\org.lwjgl\lwjgl-jemalloc\3.3.1\cae85c4edb219c88b6a0c26a87955ad98dc9519d\lwjgl-jemalloc-3.3.1-natives-windows-arm64.jar to classpath.
[02:12:24] [main/DEBUG] (FabricLoader/Knot) Adding C:\Users\shiroha\scoop\persist\gradle\.gradle\caches\modules-2\files-2.1\org.lwjgl\lwjgl-jemalloc\3.3.1\fb476c8ec110e1c137ad3ce8a7f7bfe6b11c6324\lwjgl-jemalloc-3.3.1-natives-windows-x86.jar to classpath.
[02:12:24] [main/DEBUG] (FabricLoader/Knot) Adding C:\Users\shiroha\scoop\persist\gradle\.gradle\caches\modules-2\files-2.1\org.lwjgl\lwjgl-openal\3.3.1\30a474d0e57193d7bc128849a3ab66bc9316fdb1\lwjgl-openal-3.3.1-natives-windows.jar to classpath.
[02:12:24] [main/DEBUG] (FabricLoader/Knot) Adding C:\Users\shiroha\scoop\persist\gradle\.gradle\caches\modules-2\files-2.1\org.lwjgl\lwjgl-openal\3.3.1\40d65f1a7368a2aa47336f9cb69f5a190cf9975a\lwjgl-openal-3.3.1-natives-windows-arm64.jar to classpath.
[02:12:24] [main/DEBUG] (FabricLoader/Knot) Adding C:\Users\shiroha\scoop\persist\gradle\.gradle\caches\modules-2\files-2.1\org.lwjgl\lwjgl-openal\3.3.1\888349f7b1be6fbae58bf8edfb9ef12def04c4e3\lwjgl-openal-3.3.1-natives-windows-x86.jar to classpath.
[02:12:24] [main/DEBUG] (FabricLoader/Knot) Adding C:\Users\shiroha\scoop\persist\gradle\.gradle\caches\modules-2\files-2.1\org.lwjgl\lwjgl-opengl\3.3.1\c1807e9bd571402787d7e37e3029776ae2513bb8\lwjgl-opengl-3.3.1-natives-windows.jar to classpath.
[02:12:24] [main/DEBUG] (FabricLoader/Knot) Adding C:\Users\shiroha\scoop\persist\gradle\.gradle\caches\modules-2\files-2.1\org.lwjgl\lwjgl-opengl\3.3.1\527d78f1e9056aff3ed02ce93019c73c5e8f1721\lwjgl-opengl-3.3.1-natives-windows-arm64.jar to classpath.
[02:12:24] [main/DEBUG] (FabricLoader/Knot) Adding C:\Users\shiroha\scoop\persist\gradle\.gradle\caches\modules-2\files-2.1\org.lwjgl\lwjgl-opengl\3.3.1\deef3eb9b178ff2ff3ce893cc72ae741c3a17974\lwjgl-opengl-3.3.1-natives-windows-x86.jar to classpath.
[02:12:24] [main/DEBUG] (FabricLoader/Knot) Adding C:\Users\shiroha\scoop\persist\gradle\.gradle\caches\modules-2\files-2.1\org.lwjgl\lwjgl-stb\3.3.1\86315914ac119efdb02dc9e8e978ade84f1702af\lwjgl-stb-3.3.1-natives-windows.jar to classpath.
[02:12:24] [main/DEBUG] (FabricLoader/Knot) Adding C:\Users\shiroha\scoop\persist\gradle\.gradle\caches\modules-2\files-2.1\org.lwjgl\lwjgl-stb\3.3.1\fde63cdd2605c00636721a6c8b961e41d1f6b247\lwjgl-stb-3.3.1-natives-windows-arm64.jar to classpath.
[02:12:24] [main/DEBUG] (FabricLoader/Knot) Adding C:\Users\shiroha\scoop\persist\gradle\.gradle\caches\modules-2\files-2.1\org.lwjgl\lwjgl-stb\3.3.1\a8d41f419eecb430b7c91ea2ce2c5c451cae2091\lwjgl-stb-3.3.1-natives-windows-x86.jar to classpath.
[02:12:24] [main/DEBUG] (FabricLoader/Knot) Adding C:\Users\shiroha\scoop\persist\gradle\.gradle\caches\modules-2\files-2.1\org.lwjgl\lwjgl-tinyfd\3.3.1\a5d830475ec0958d9fdba1559efa99aef211e6ff\lwjgl-tinyfd-3.3.1-natives-windows.jar to classpath.
[02:12:24] [main/DEBUG] (FabricLoader/Knot) Adding C:\Users\shiroha\scoop\persist\gradle\.gradle\caches\modules-2\files-2.1\org.lwjgl\lwjgl-tinyfd\3.3.1\83a5e780df610829ff3a737822b4f931cffecd91\lwjgl-tinyfd-3.3.1-natives-windows-arm64.jar to classpath.
[02:12:24] [main/DEBUG] (FabricLoader/Knot) Adding C:\Users\shiroha\scoop\persist\gradle\.gradle\caches\modules-2\files-2.1\org.lwjgl\lwjgl-tinyfd\3.3.1\842eedd876fae354abc308c98a263f6bbc9e8a4d\lwjgl-tinyfd-3.3.1-natives-windows-x86.jar to classpath.
[02:12:24] [main/DEBUG] (FabricLoader/Knot) Adding C:\Users\shiroha\scoop\persist\gradle\.gradle\caches\modules-2\files-2.1\org.lwjgl\lwjgl\3.3.1\36c37f16ab611b3aa11f3bcf80b1d509b4ce6b\lwjgl-3.3.1-natives-windows.jar to classpath.
[02:12:24] [main/DEBUG] (FabricLoader/Knot) Adding C:\Users\shiroha\scoop\persist\gradle\.gradle\caches\modules-2\files-2.1\org.lwjgl\lwjgl\3.3.1\f46cadcf95675908fd3a550d63d9d709cb68998\lwjgl-3.3.1-natives-windows-arm64.jar to classpath.
[02:12:24] [main/DEBUG] (FabricLoader/Knot) Adding C:\Users\shiroha\scoop\persist\gradle\.gradle\caches\modules-2\files-2.1\org.lwjgl\lwjgl\3.3.1\3b14f4beae9dd39791ec9e12190a9380cd8a3ce6\lwjgl-3.3.1-natives-windows-x86.jar to classpath.
[02:12:24] [main/DEBUG] (FabricLoader/Knot) Adding C:\Users\shiroha\scoop\persist\gradle\.gradle\caches\modules-2\files-2.1\io.netty\netty-transport-native-epoll\4.1.82.Final\c7350a71920f3ae9142945e25fed4846cce53374\netty-transport-native-epoll-4.1.82.Final-linux-x86_64.jar to classpath.
[02:12:24] [main/DEBUG] (FabricLoader/Knot) Adding C:\Users\shiroha\scoop\persist\gradle\.gradle\caches\modules-2\files-2.1\io.netty\netty-transport-native-epoll\4.1.82.Final\476409d6255001ca53a55f65b01c13822f8dc93a\netty-transport-native-epoll-4.1.82.Final-linux-aarch_64.jar to classpath.
[02:12:24] [main/DEBUG] (FabricLoader/Knot) Adding E:\mod\RoadWeaver\.gradle\loom-cache\remapped_mods\loom_mappings_1_20_1_layered_hash_40359_v2\dev\architectury\architectury\9.2.14\architectury-9.2.14.jar to classpath.
[02:12:24] [main/DEBUG] (FabricLoader/Knot) Adding C:\Users\shiroha\scoop\persist\gradle\.gradle\caches\modules-2\files-2.1\org.jline\jline-reader\3.20.0\8f15415b022a25b473e8e16c28ae913186ffb9c4\jline-reader-3.20.0.jar to classpath.
[02:12:24] [main/DEBUG] (FabricLoader/Knot) Adding C:\Users\shiroha\scoop\persist\gradle\.gradle\caches\modules-2\files-2.1\org.jline\jline-terminal\3.20.0\d0ddcc708ddf527a3454c941b7b9225cc83a15ff\jline-terminal-3.20.0.jar to classpath.
[02:12:24] [main/DEBUG] (FabricLoader/Entrypoint) No subscribers for entrypoint 'preLaunch'
[02:12:24] [main/DEBUG] (FabricLoader/Mixin) Preparing mixins for MixinEnvironment[DEFAULT]
[02:12:24] [main/DEBUG] (io.netty.util.internal.logging.InternalLoggerFactory) Using SLF4J as the default logging framework
[02:12:24] [main/DEBUG] (io.netty.util.ResourceLeakDetector) -Dio.netty.leakDetection.level: simple
[02:12:24] [main/DEBUG] (io.netty.util.ResourceLeakDetector) -Dio.netty.leakDetection.targetRecords: 4
[02:12:25] [main/WARN] (oshi.driver.windows.perfmon.PerfmonDisabled) Invalid registry value type detected for PerfOS counters. Should be REG_DWORD. Ignoring: HKEY_LOCAL_MACHINE\SYSTEM\CurrentControlSet\Services\PerfOS\Performance\Disable Performance Counters.
[02:12:25] [main/WARN] (oshi.util.platform.windows.PerfDataUtil) Failed to update counter. Error code: 0x800007D5
[02:12:25] [main/WARN] (oshi.util.platform.windows.PerfCounterQuery) Disabling further attempts to query Paging File.
[02:12:28] [main/DEBUG] (FabricLoader/Entrypoint) No subscribers for entrypoint 'main'
[02:12:28] [main/DEBUG] (FabricLoader/Entrypoint) No subscribers for entrypoint 'server'
[02:12:28] [main/ERROR] (net.minecraft.server.dedicated.Settings) Failed to load properties from file: server.properties
java.nio.file.NoSuchFileException: server.properties
	at sun.nio.fs.WindowsException.translateToIOException(WindowsException.java:85) ~[?:?]
	at sun.nio.fs.WindowsException.rethrowAsIOException(WindowsException.java:103) ~[?:?]
	at sun.nio.fs.WindowsException.rethrowAsIOException(WindowsException.java:108) ~[?:?]
	at sun.nio.fs.WindowsFileSystemProvider.newByteChannel(WindowsFileSystemProvider.java:236) ~[?:?]
	at java.nio.file.Files.newByteChannel(Files.java:380) ~[?:?]
	at java.nio.file.Files.newByteChannel(Files.java:432) ~[?:?]
	at java.nio.file.spi.FileSystemProvider.newInputStream(FileSystemProvider.java:422) ~[?:?]
	at java.nio.file.Files.newInputStream(Files.java:160) ~[?:?]
	at net.minecraft.server.dedicated.Settings.loadFromFile(Settings.java:62) ~[minecraft-merged-3760f957dc-1.20.1-loom.mappings.1_20_1.layered+hash.40359-v2.jar:?]
	at net.minecraft.server.dedicated.DedicatedServerProperties.fromFile(DedicatedServerProperties.java:137) ~[minecraft-merged-3760f957dc-1.20.1-loom.mappings.1_20_1.layered+hash.40359-v2.jar:?]
	at net.minecraft.server.dedicated.DedicatedServerSettings.<init>(DedicatedServerSettings.java:12) ~[minecraft-merged-3760f957dc-1.20.1-loom.mappings.1_20_1.layered+hash.40359-v2.jar:?]
	at net.minecraft.server.Main.main(Main.java:115) ~[minecraft-merged-3760f957dc-1.20.1-loom.mappings.1_20_1.layered+hash.40359-v2.jar:?]
	at net.fabricmc.loader.impl.game.minecraft.MinecraftGameProvider.launch(MinecraftGameProvider.java:468) ~[fabric-loader-0.14.21.jar:?]
	at net.fabricmc.loader.impl.launch.knot.Knot.launch(Knot.java:74) ~[fabric-loader-0.14.21.jar:?]
	at net.fabricmc.loader.impl.launch.knot.KnotServer.main(KnotServer.java:23) ~[fabric-loader-0.14.21.jar:?]
	at net.fabricmc.devlaunchinjector.Main.main(Main.java:86) ~[dev-launch-injector-0.2.1+build.8.jar:?]
[02:12:28] [main/WARN] (net.minecraft.server.Eula) Failed to load eula.txt
[02:12:28] [main/INFO] (net.minecraft.server.Main) You need to agree to the EULA in order to run the server. Go to eula.txt for more info.
