[02:12:24] [main/INFO] (FabricLoader/GameProvider) Loading Minecraft 1.20.1 with Fabric Loader 0.14.21
[02:12:24] [main/INFO] (FabricLoader) Loading 3 mods:
	- fabricloader 0.14.21
	- java 17
	- minecraft 1.20.1
[02:12:24] [main/INFO] (FabricLoader/Mixin) SpongePowered MIXIN Subsystem Version=0.8.5 Source=file:/C:/Users/shiroha/scoop/apps/gradle/current/.gradle/caches/modules-2/files-2.1/net.fabricmc/sponge-mixin/0.12.5+mixin.0.8.5/8d31fb97c3e0cd7c8dad3441851c523bcfae6d8e/sponge-mixin-0.12.5+mixin.0.8.5.jar Service=Knot/Fabric Env=SERVER
[02:12:24] [main/INFO] (FabricLoader/Mixin) Loaded Fabric development mappings for mixin remapper!
[02:12:25] [main/WARN] (PerfmonDisabled) Invalid registry value type detected for PerfOS counters. Should be REG_DWORD. Ignoring: HKEY_LOCAL_MACHINE\SYSTEM\CurrentControlSet\Services\PerfOS\Performance\Disable Performance Counters.
[02:12:25] [main/WARN] (PerfDataUtil) Failed to update counter. Error code: 0x800007D5
[02:12:25] [main/WARN] (PerfCounterQuery) Disabling further attempts to query Paging File.
[02:12:28] [main/ERROR] (Minecraft) Failed to load properties from file: server.properties
java.nio.file.NoSuchFileException: server.properties
	at sun.nio.fs.WindowsException.translateToIOException(WindowsException.java:85) ~[?:?]
	at sun.nio.fs.WindowsException.rethrowAsIOException(WindowsException.java:103) ~[?:?]
	at sun.nio.fs.WindowsException.rethrowAsIOException(WindowsException.java:108) ~[?:?]
	at sun.nio.fs.WindowsFileSystemProvider.newByteChannel(WindowsFileSystemProvider.java:236) ~[?:?]
	at java.nio.file.Files.newByteChannel(Files.java:380) ~[?:?]
	at java.nio.file.Files.newByteChannel(Files.java:432) ~[?:?]
	at java.nio.file.spi.FileSystemProvider.newInputStream(FileSystemProvider.java:422) ~[?:?]
	at java.nio.file.Files.newInputStream(Files.java:160) ~[?:?]
	at net.minecraft.server.dedicated.Settings.loadFromFile(Settings.java:62) ~[minecraft-merged-3760f957dc-1.20.1-loom.mappings.1_20_1.layered+hash.40359-v2.jar:?]
	at net.minecraft.server.dedicated.DedicatedServerProperties.fromFile(DedicatedServerProperties.java:137) ~[minecraft-merged-3760f957dc-1.20.1-loom.mappings.1_20_1.layered+hash.40359-v2.jar:?]
	at net.minecraft.server.dedicated.DedicatedServerSettings.<init>(DedicatedServerSettings.java:12) ~[minecraft-merged-3760f957dc-1.20.1-loom.mappings.1_20_1.layered+hash.40359-v2.jar:?]
	at net.minecraft.server.Main.main(Main.java:115) ~[minecraft-merged-3760f957dc-1.20.1-loom.mappings.1_20_1.layered+hash.40359-v2.jar:?]
	at net.fabricmc.loader.impl.game.minecraft.MinecraftGameProvider.launch(MinecraftGameProvider.java:468) ~[fabric-loader-0.14.21.jar:?]
	at net.fabricmc.loader.impl.launch.knot.Knot.launch(Knot.java:74) ~[fabric-loader-0.14.21.jar:?]
	at net.fabricmc.loader.impl.launch.knot.KnotServer.main(KnotServer.java:23) ~[fabric-loader-0.14.21.jar:?]
	at net.fabricmc.devlaunchinjector.Main.main(Main.java:86) ~[dev-launch-injector-0.2.1+build.8.jar:?]
[02:12:28] [main/WARN] (Minecraft) Failed to load eula.txt
[02:12:28] [main/INFO] (Minecraft) You need to agree to the EULA in order to run the server. Go to eula.txt for more info.
